2016-01-31
- changed structure of folders / routes
- changed "prep" to "profilter"
- procedure routes are now called in the routes.php api file

2016-01-28
- Changed App class name to Rona
- Changed Rona::load_directories() to Helper::load_directories()
- Changed Rona::location() to Route::change()
- Changed Rona::ret() to Response::true/false/custom()
- Changed Rona::load_file() to Helper::load_file()
- Changed Helper::load_directories() to Helper::load_directory(), and also change some of the function arguments, and removed $_SERVER['DOCUMENT_ROOT']

2016-01-21
- Eliminated App::init()
- Changed Route::custom() to Route::map()

2016-01-09
- Eliminated ability to pass in "requested route" to App::run()
	- Eliminated Request::reset()
- Added ability to pass in "base path" to App::run()
- Eliminated all route id functionality
	- Eliminated ids in Route::get(), put, patch, etc.
	- Eliminated Route::get_routes_by_id()
	- Eliminated Route::path()
	- Eliminated Route::change()

2015-11-01
- Procedures, controllers, etc. are now grouped and the groups only load when called.
- Procedures, controllers, and preps now throw an exception when they don't exist.

2015-10-22
- In App::run(), the Procedure now runs prior to the Controllers, and the Procedure return value is injected into Controllers.

2015-10-21
- Views can now output directly when wrapped in quotes.
- Added method override functionality for put, patch, etc.
- Procedures now offer "input_raw" as a function argument.
- Routes now merge with existing routes of the same route instead of overwriting.
- Added Helper::get()